SF:lib\models\task.g.dart
DA:13,0
DA:15,0
DA:16,0
DA:17,0
DA:19,0
DA:20,0
DA:21,0
DA:22,0
DA:23,0
DA:24,0
DA:25,0
DA:26,0
DA:30,1
DA:33,1
DA:34,1
DA:35,2
DA:36,1
DA:37,2
DA:38,1
DA:39,2
DA:40,1
DA:41,2
DA:42,1
DA:43,2
DA:44,1
DA:45,2
DA:46,1
DA:47,2
DA:50,0
DA:51,0
DA:53,0
DA:56,0
DA:57,0
DA:58,0
LF:34
LH:16
end_of_record
SF:lib\models\task.dart
DA:28,5
DA:38,1
DA:39,1
DA:40,1
DA:41,1
DA:42,1
DA:43,3
DA:44,1
DA:45,2
DA:46,1
DA:50,0
DA:52,2
DA:53,2
DA:54,2
DA:55,2
DA:56,2
DA:57,4
DA:58,2
DA:59,4
DA:60,2
LF:20
LH:19
end_of_record
SF:lib\components\search_textfield.dart
DA:7,1
DA:9,1
DA:10,1
DA:11,2
DA:12,3
DA:13,3
DA:14,1
DA:17,1
DA:19,1
DA:22,1
DA:24,1
DA:26,1
DA:33,1
DA:34,2
DA:35,1
DA:37,1
DA:39,0
DA:42,2
LF:18
LH:17
end_of_record
SF:lib\services\task_notifier.dart
DA:19,2
DA:20,2
DA:23,4
DA:24,2
DA:26,2
DA:29,0
DA:30,2
DA:32,0
DA:35,0
DA:38,6
DA:42,0
DA:44,0
DA:46,0
DA:47,0
DA:49,0
DA:50,0
DA:53,0
DA:55,0
DA:56,0
DA:57,0
DA:59,0
DA:64,1
DA:65,3
DA:66,3
DA:67,1
DA:70,1
DA:71,2
DA:72,1
DA:75,1
DA:76,2
DA:78,1
DA:79,1
DA:83,2
DA:84,2
DA:85,2
DA:88,1
DA:89,2
DA:92,1
DA:96,1
DA:97,2
DA:99,1
DA:100,1
DA:104,1
DA:105,5
DA:106,1
DA:107,1
DA:110,1
DA:111,2
DA:112,2
DA:113,4
DA:114,1
DA:118,1
DA:120,3
DA:121,1
DA:123,0
DA:127,1
DA:129,1
DA:130,1
LF:58
LH:43
end_of_record
SF:lib\models\persistent_identifier.dart
DA:7,0
DA:8,0
DA:9,0
DA:13,0
DA:14,0
LF:5
LH:0
end_of_record
SF:lib\services\api_storage.dart
DA:11,0
DA:12,0
DA:15,0
DA:17,0
DA:18,0
DA:20,0
DA:21,0
DA:23,0
DA:25,0
DA:26,0
DA:29,0
DA:30,0
DA:32,0
DA:33,0
DA:34,0
DA:38,0
DA:42,0
DA:44,0
DA:45,0
DA:47,0
DA:48,0
DA:49,0
DA:50,0
DA:51,0
DA:52,0
DA:55,0
DA:57,0
DA:60,0
DA:62,0
DA:63,0
DA:65,0
DA:66,0
DA:67,0
DA:70,0
DA:73,0
DA:78,0
DA:80,0
DA:81,0
DA:83,0
DA:84,0
DA:85,0
DA:88,0
DA:91,0
DA:96,0
DA:98,0
DA:101,0
DA:102,0
DA:105,0
DA:108,0
DA:113,0
DA:115,0
DA:116,0
DA:118,0
DA:119,0
DA:120,0
DA:122,0
DA:123,0
DA:124,0
DA:125,0
DA:126,0
DA:127,0
DA:128,0
DA:131,0
DA:132,0
DA:136,0
DA:137,0
DA:140,0
DA:143,0
DA:145,0
DA:146,0
DA:148,0
DA:149,0
DA:150,0
DA:151,0
DA:153,0
DA:156,0
DA:158,0
DA:161,0
DA:163,0
DA:164,0
DA:166,0
DA:168,0
DA:169,0
DA:172,0
DA:173,0
DA:176,0
DA:179,0
DA:184,0
DA:188,0
DA:191,0
DA:192,0
DA:193,0
DA:194,0
DA:195,0
DA:196,0
DA:197,0
DA:199,0
DA:205,0
DA:206,0
LF:99
LH:0
end_of_record
SF:lib\services\hive_storage.dart
DA:10,1
DA:11,2
DA:12,2
DA:14,0
DA:18,1
DA:21,2
DA:22,2
DA:23,4
DA:25,0
DA:29,0
DA:32,0
DA:33,0
DA:34,0
DA:37,0
DA:38,0
DA:42,1
DA:45,2
DA:46,1
DA:47,2
DA:50,0
DA:55,0
DA:58,0
DA:59,0
DA:60,0
DA:61,0
DA:64,0
DA:68,0
DA:73,0
DA:76,0
DA:77,0
DA:78,0
DA:79,0
DA:82,0
DA:86,0
DA:91,0
DA:94,0
DA:95,0
DA:96,0
DA:97,0
DA:100,0
DA:101,0
DA:102,0
DA:106,0
DA:110,0
DA:115,0
DA:118,0
DA:119,0
DA:120,0
DA:123,0
DA:124,0
DA:128,0
DA:131,0
DA:133,0
DA:134,0
DA:135,0
DA:139,0
DA:140,0
DA:144,0
DA:147,0
DA:148,0
DA:150,0
DA:151,0
DA:152,0
DA:155,0
DA:158,0
DA:159,0
LF:66
LH:11
end_of_record
SF:lib\services\storage_switch.dart
DA:7,2
DA:8,2
DA:11,0
DA:12,0
DA:15,1
DA:16,2
DA:19,1
DA:20,2
DA:23,1
DA:24,2
DA:27,0
DA:28,0
DA:31,1
DA:32,2
DA:35,0
DA:36,0
DA:39,1
DA:40,2
DA:43,1
DA:44,2
DA:47,1
DA:48,2
LF:22
LH:16
end_of_record
SF:lib\services\task_sorter.dart
DA:4,1
DA:5,1
DA:6,6
DA:11,2
DA:12,4
DA:13,2
DA:15,2
DA:16,3
DA:17,4
DA:18,2
LF:10
LH:10
end_of_record
